<?xml version="1.0" encoding="UTF-8"?>
<testng-results skipped="0" failed="0" total="1" passed="1">
  <reporter-output>
  </reporter-output>
  <suite name="Suite" duration-ms="18425" started-at="2017-12-14T05:24:01Z" finished-at="2017-12-14T05:24:19Z">
    <groups>
    </groups>
    <test name="Test" duration-ms="18425" started-at="2017-12-14T05:24:01Z" finished-at="2017-12-14T05:24:19Z">
      <class name="test_package.Testing">
        <test-method status="PASS" signature="loginFunctionality()[pri:0, instance:test_package.Testing@3f2a3a5]" name="loginFunctionality" duration-ms="18414" started-at="2017-12-14T10:54:01Z" finished-at="2017-12-14T10:54:19Z">
          <reporter-output>
          </reporter-output>
        </test-method> <!-- loginFunctionality -->
      </class> <!-- test_package.Testing -->
    </test> <!-- Test -->
  </suite> <!-- Suite -->
</testng-results>
