<?xml version="1.0" encoding="UTF-8"?>
<testng-results skipped="0" failed="0" ignored="0" total="1" passed="1">
  <reporter-output>
  </reporter-output>
  <suite name="Default suite" duration-ms="21115" started-at="2017-12-12T04:51:48Z" finished-at="2017-12-12T04:52:09Z">
    <groups>
    </groups>
    <test name="Default test" duration-ms="21115" started-at="2017-12-12T04:51:48Z" finished-at="2017-12-12T04:52:09Z">
      <class name="test_package.Testing">
        <test-method status="PASS" signature="loginFunctionality()[pri:0, instance:test_package.Testing@5700d6b1]" name="loginFunctionality" duration-ms="21087" started-at="2017-12-12T10:21:48Z" finished-at="2017-12-12T10:22:09Z">
          <reporter-output>
          </reporter-output>
        </test-method> <!-- loginFunctionality -->
      </class> <!-- test_package.Testing -->
    </test> <!-- Default test -->
  </suite> <!-- Default suite -->
</testng-results>
